# JRE version: OpenJDK Runtime Environment (21.0.2+13) (build 21.0.2+13-58)
# Java VM: OpenJDK 64-Bit Server VM (21.0.2+13-58, mixed mode, emulated-client, sharing, tiered, compressed oops, compressed class ptrs, g1 gc, windows-amd64)
GC Precious Log:
 CardTable entry size: 512
 Card Set container configuration: InlinePtr #cards 5 size 8 Array Of Cards #cards 12 size 40 Howl #buckets 4 coarsen threshold 1843 Howl Bitmap #cards 512 size 80 coarsen threshold 460 Card regions per heap region 1 cards per card region 2048
 CPUs: 8 total, 8 available
 Memory: 7936M
 Large Page Support: Disabled
 NUMA Support: Disabled
 Compressed Oops: Enabled (32-bit)
 Heap Region Size: 1M
 Heap Min Capacity: 8M
 Heap Initial Capacity: 126M
 Heap Max Capacity: 1986M
 Pre-touch: Disabled
 Parallel Workers: 8
 Concurrent Workers: 2
 Concurrent Refinement Workers: 8
 Periodic GC: Disabled
Heap:
 garbage-first heap   total 134144K, used 118594K [0x0000000083e00000, 0x0000000100000000)
  region size 1024K, 66 young (67584K), 5 survivors (5120K)
 Metaspace       used 93932K, committed 94720K, reserved 1179648K
  class space    used 13416K, committed 13760K, reserved 1048576K
GC Heap History (20 events):
Event: 30.662 GC heap before
{Heap before GC invocations=21 (full 0):
 garbage-first heap   total 82944K, used 73055K [0x0000000083e00000, 0x0000000100000000)
  region size 1024K, 36 young (36864K), 4 survivors (4096K)
 Metaspace       used 70563K, committed 71296K, reserved 1114112K
  class space    used 9999K, committed 10304K, reserved 1048576K
}
Event: 30.677 GC heap after
{Heap after GC invocations=22 (full 0):
 garbage-first heap   total 82944K, used 40885K [0x0000000083e00000, 0x0000000100000000)
  region size 1024K, 3 young (3072K), 3 survivors (3072K)
 Metaspace       used 70563K, committed 71296K, reserved 1114112K
  class space    used 9999K, committed 10304K, reserved 1048576K
}
Event: 85.371 GC heap before
{Heap before GC invocations=22 (full 0):
 garbage-first heap   total 82944K, used 73653K [0x0000000083e00000, 0x0000000100000000)
  region size 1024K, 35 young (35840K), 3 survivors (3072K)
 Metaspace       used 74056K, committed 74752K, reserved 1114112K
  class space    used 10452K, committed 10752K, reserved 1048576K
}
Event: 85.377 GC heap after
{Heap after GC invocations=23 (full 0):
 garbage-first heap   total 82944K, used 42879K [0x0000000083e00000, 0x0000000100000000)
  region size 1024K, 5 young (5120K), 5 survivors (5120K)
 Metaspace       used 74056K, committed 74752K, reserved 1114112K
  class space    used 10452K, committed 10752K, reserved 1048576K
}
Event: 86.032 GC heap before
{Heap before GC invocations=24 (full 0):
 garbage-first heap   total 82944K, used 71551K [0x0000000083e00000, 0x0000000100000000)
  region size 1024K, 33 young (33792K), 5 survivors (5120K)
 Metaspace       used 76513K, committed 77120K, reserved 1179648K
  class space    used 10899K, committed 11136K, reserved 1048576K
}
Event: 86.040 GC heap after
{Heap after GC invocations=25 (full 0):
 garbage-first heap   total 82944K, used 45428K [0x0000000083e00000, 0x0000000100000000)
  region size 1024K, 5 young (5120K), 5 survivors (5120K)
 Metaspace       used 76513K, committed 77120K, reserved 1179648K
  class space    used 10899K, committed 11136K, reserved 1048576K
}
Event: 86.457 GC heap before
{Heap before GC invocations=25 (full 0):
 garbage-first heap   total 82944K, used 71028K [0x0000000083e00000, 0x0000000100000000)
  region size 1024K, 31 young (31744K), 5 survivors (5120K)
 Metaspace       used 79330K, committed 80000K, reserved 1179648K
  class space    used 11464K, committed 11776K, reserved 1048576K
}
Event: 86.467 GC heap after
{Heap after GC invocations=26 (full 0):
 garbage-first heap   total 101376K, used 44795K [0x0000000083e00000, 0x0000000100000000)
  region size 1024K, 3 young (3072K), 3 survivors (3072K)
 Metaspace       used 79330K, committed 80000K, reserved 1179648K
  class space    used 11464K, committed 11776K, reserved 1048576K
}
Event: 86.926 GC heap before
{Heap before GC invocations=26 (full 0):
 garbage-first heap   total 101376K, used 89851K [0x0000000083e00000, 0x0000000100000000)
  region size 1024K, 48 young (49152K), 3 survivors (3072K)
 Metaspace       used 81941K, committed 82560K, reserved 1179648K
  class space    used 11834K, committed 12160K, reserved 1048576K
}
Event: 86.931 GC heap after
{Heap after GC invocations=27 (full 0):
 garbage-first heap   total 101376K, used 46516K [0x0000000083e00000, 0x0000000100000000)
  region size 1024K, 4 young (4096K), 4 survivors (4096K)
 Metaspace       used 81941K, committed 82560K, reserved 1179648K
  class space    used 11834K, committed 12160K, reserved 1048576K
}
Event: 87.753 GC heap before
{Heap before GC invocations=27 (full 0):
 garbage-first heap   total 101376K, used 90548K [0x0000000083e00000, 0x0000000100000000)
  region size 1024K, 47 young (48128K), 4 survivors (4096K)
 Metaspace       used 87179K, committed 87936K, reserved 1179648K
  class space    used 12395K, committed 12736K, reserved 1048576K
}
Event: 87.760 GC heap after
{Heap after GC invocations=28 (full 0):
 garbage-first heap   total 101376K, used 49528K [0x0000000083e00000, 0x0000000100000000)
  region size 1024K, 6 young (6144K), 6 survivors (6144K)
 Metaspace       used 87179K, committed 87936K, reserved 1179648K
  class space    used 12395K, committed 12736K, reserved 1048576K
}
Event: 88.057 GC heap before
{Heap before GC invocations=28 (full 0):
 garbage-first heap   total 101376K, used 87416K [0x0000000083e00000, 0x0000000100000000)
  region size 1024K, 43 young (44032K), 6 survivors (6144K)
 Metaspace       used 87720K, committed 88448K, reserved 1179648K
  class space    used 12478K, committed 12800K, reserved 1048576K
}
Event: 88.065 GC heap after
{Heap after GC invocations=29 (full 0):
 garbage-first heap   total 101376K, used 52396K [0x0000000083e00000, 0x0000000100000000)
  region size 1024K, 6 young (6144K), 6 survivors (6144K)
 Metaspace       used 87720K, committed 88448K, reserved 1179648K
  class space    used 12478K, committed 12800K, reserved 1048576K
}
Event: 88.544 GC heap before
{Heap before GC invocations=30 (full 0):
 garbage-first heap   total 111616K, used 88236K [0x0000000083e00000, 0x0000000100000000)
  region size 1024K, 41 young (41984K), 6 survivors (6144K)
 Metaspace       used 88240K, committed 88960K, reserved 1179648K
  class space    used 12558K, committed 12864K, reserved 1048576K
}
Event: 88.551 GC heap after
{Heap after GC invocations=31 (full 0):
 garbage-first heap   total 111616K, used 53652K [0x0000000083e00000, 0x0000000100000000)
  region size 1024K, 4 young (4096K), 4 survivors (4096K)
 Metaspace       used 88240K, committed 88960K, reserved 1179648K
  class space    used 12558K, committed 12864K, reserved 1048576K
}
Event: 89.111 GC heap before
{Heap before GC invocations=31 (full 0):
 garbage-first heap   total 111616K, used 100756K [0x0000000083e00000, 0x0000000100000000)
  region size 1024K, 50 young (51200K), 4 survivors (4096K)
 Metaspace       used 89910K, committed 90688K, reserved 1179648K
  class space    used 12783K, committed 13120K, reserved 1048576K
}
Event: 89.120 GC heap after
{Heap after GC invocations=32 (full 0):
 garbage-first heap   total 111616K, used 54819K [0x0000000083e00000, 0x0000000100000000)
  region size 1024K, 7 young (7168K), 7 survivors (7168K)
 Metaspace       used 89910K, committed 90688K, reserved 1179648K
  class space    used 12783K, committed 13120K, reserved 1048576K
}
Event: 89.798 GC heap before
{Heap before GC invocations=32 (full 0):
 garbage-first heap   total 111616K, used 96803K [0x0000000083e00000, 0x0000000100000000)
  region size 1024K, 48 young (49152K), 7 survivors (7168K)
 Metaspace       used 92172K, committed 92928K, reserved 1179648K
  class space    used 13142K, committed 13504K, reserved 1048576K
}
Event: 89.807 GC heap after
{Heap after GC invocations=33 (full 0):
 garbage-first heap   total 134144K, used 57154K [0x0000000083e00000, 0x0000000100000000)
  region size 1024K, 5 young (5120K), 5 survivors (5120K)
 Metaspace       used 92172K, committed 92928K, reserved 1179648K
  class space    used 13142K, committed 13504K, reserved 1048576K
}

