# JRE version: OpenJDK Runtime Environment Temurin-21.0.6+7 (21.0.6+7) (build 21.0.6+7-LTS)
# Java VM: OpenJDK 64-Bit Server VM Temurin-21.0.6+7 (21.0.6+7-LTS, mixed mode, sharing, tiered, compressed oops, compressed class ptrs, parallel gc, windows-amd64)
GC Precious Log:
 CardTable entry size: 512
 CPUs: 8 total, 8 available
 Memory: 7936M
 Large Page Support: Disabled
 NUMA Support: Disabled
 Compressed Oops: Enabled (32-bit)
 Alignments: Space 512K, Generation 512K, Heap 2M
 Heap Min Capacity: 100M
 Heap Initial Capacity: 100M
 Heap Max Capacity: 1G
 Pre-touch: Disabled
 Parallel Workers: 8
Heap:
 PSYoungGen      total 25600K, used 23570K [0x00000000eab00000, 0x00000000ed880000, 0x0000000100000000)
  eden space 5632K, 64% used [0x00000000eab00000,0x00000000eae89780,0x00000000eb080000)
  from space 19968K, 99% used [0x00000000ec500000,0x00000000ed87b208,0x00000000ed880000)
  to   space 20480K, 0% used [0x00000000eb080000,0x00000000eb080000,0x00000000ec480000)
 ParOldGen       total 552448K, used 552274K [0x00000000c0000000, 0x00000000e1b80000, 0x00000000eab00000)
  object space 552448K, 99% used [0x00000000c0000000,0x00000000e1b548d8,0x00000000e1b80000)
 Metaspace       used 83280K, committed 85248K, reserved 1179648K
  class space    used 8287K, committed 9152K, reserved 1048576K
GC Heap History (20 events):
Event: 2350.757 GC heap before
{Heap before GC invocations=1434 (full 4):
 PSYoungGen      total 21504K, used 21504K [0x00000000eab00000, 0x00000000ec300000, 0x0000000100000000)
  eden space 20992K, 100% used [0x00000000eab00000,0x00000000ebf80000,0x00000000ebf80000)
  from space 512K, 100% used [0x00000000ec280000,0x00000000ec300000,0x00000000ec300000)
  to   space 1024K, 0% used [0x00000000ec100000,0x00000000ec100000,0x00000000ec200000)
 ParOldGen       total 534528K, used 534102K [0x00000000c0000000, 0x00000000e0a00000, 0x00000000eab00000)
  object space 534528K, 99% used [0x00000000c0000000,0x00000000e0995a10,0x00000000e0a00000)
 Metaspace       used 82761K, committed 84736K, reserved 1179648K
  class space    used 8215K, committed 9088K, reserved 1048576K
}
Event: 2350.762 GC heap after
{Heap after GC invocations=1434 (full 4):
 PSYoungGen      total 22016K, used 1017K [0x00000000eab00000, 0x00000000ec300000, 0x0000000100000000)
  eden space 20992K, 0% used [0x00000000eab00000,0x00000000eab00000,0x00000000ebf80000)
  from space 1024K, 99% used [0x00000000ec100000,0x00000000ec1fe410,0x00000000ec200000)
  to   space 1024K, 0% used [0x00000000ec200000,0x00000000ec200000,0x00000000ec300000)
 ParOldGen       total 534528K, used 534238K [0x00000000c0000000, 0x00000000e0a00000, 0x00000000eab00000)
  object space 534528K, 99% used [0x00000000c0000000,0x00000000e09b7a10,0x00000000e0a00000)
 Metaspace       used 82761K, committed 84736K, reserved 1179648K
  class space    used 8215K, committed 9088K, reserved 1048576K
}
Event: 2351.695 GC heap before
{Heap before GC invocations=1435 (full 4):
 PSYoungGen      total 22016K, used 22009K [0x00000000eab00000, 0x00000000ec300000, 0x0000000100000000)
  eden space 20992K, 99% used [0x00000000eab00000,0x00000000ebf7fff8,0x00000000ebf80000)
  from space 1024K, 99% used [0x00000000ec100000,0x00000000ec1fe410,0x00000000ec200000)
  to   space 1024K, 0% used [0x00000000ec200000,0x00000000ec200000,0x00000000ec300000)
 ParOldGen       total 534528K, used 534238K [0x00000000c0000000, 0x00000000e0a00000, 0x00000000eab00000)
  object space 534528K, 99% used [0x00000000c0000000,0x00000000e09b7a10,0x00000000e0a00000)
 Metaspace       used 82832K, committed 84800K, reserved 1179648K
  class space    used 8221K, committed 9088K, reserved 1048576K
}
Event: 2351.703 GC heap after
{Heap after GC invocations=1435 (full 4):
 PSYoungGen      total 22016K, used 777K [0x00000000eab00000, 0x00000000ec300000, 0x0000000100000000)
  eden space 20992K, 0% used [0x00000000eab00000,0x00000000eab00000,0x00000000ebf80000)
  from space 1024K, 75% used [0x00000000ec200000,0x00000000ec2c2400,0x00000000ec300000)
  to   space 1024K, 0% used [0x00000000ec100000,0x00000000ec100000,0x00000000ec200000)
 ParOldGen       total 534528K, used 534262K [0x00000000c0000000, 0x00000000e0a00000, 0x00000000eab00000)
  object space 534528K, 99% used [0x00000000c0000000,0x00000000e09bda10,0x00000000e0a00000)
 Metaspace       used 82832K, committed 84800K, reserved 1179648K
  class space    used 8221K, committed 9088K, reserved 1048576K
}
Event: 2354.219 GC heap before
{Heap before GC invocations=1436 (full 4):
 PSYoungGen      total 22016K, used 21768K [0x00000000eab00000, 0x00000000ec300000, 0x0000000100000000)
  eden space 20992K, 99% used [0x00000000eab00000,0x00000000ebf7ffd0,0x00000000ebf80000)
  from space 1024K, 75% used [0x00000000ec200000,0x00000000ec2c2400,0x00000000ec300000)
  to   space 1024K, 0% used [0x00000000ec100000,0x00000000ec100000,0x00000000ec200000)
 ParOldGen       total 534528K, used 534262K [0x00000000c0000000, 0x00000000e0a00000, 0x00000000eab00000)
  object space 534528K, 99% used [0x00000000c0000000,0x00000000e09bda10,0x00000000e0a00000)
 Metaspace       used 82971K, committed 84928K, reserved 1179648K
  class space    used 8229K, committed 9088K, reserved 1048576K
}
Event: 2354.229 GC heap after
{Heap after GC invocations=1436 (full 4):
 PSYoungGen      total 22016K, used 1013K [0x00000000eab00000, 0x00000000ec280000, 0x0000000100000000)
  eden space 20992K, 0% used [0x00000000eab00000,0x00000000eab00000,0x00000000ebf80000)
  from space 1024K, 98% used [0x00000000ec100000,0x00000000ec1fd4e0,0x00000000ec200000)
  to   space 512K, 0% used [0x00000000ec200000,0x00000000ec200000,0x00000000ec280000)
 ParOldGen       total 535040K, used 534625K [0x00000000c0000000, 0x00000000e0a80000, 0x00000000eab00000)
  object space 535040K, 99% used [0x00000000c0000000,0x00000000e0a187a0,0x00000000e0a80000)
 Metaspace       used 82971K, committed 84928K, reserved 1179648K
  class space    used 8229K, committed 9088K, reserved 1048576K
}
Event: 2355.073 GC heap before
{Heap before GC invocations=1437 (full 4):
 PSYoungGen      total 22016K, used 22005K [0x00000000eab00000, 0x00000000ec280000, 0x0000000100000000)
  eden space 20992K, 100% used [0x00000000eab00000,0x00000000ebf80000,0x00000000ebf80000)
  from space 1024K, 98% used [0x00000000ec100000,0x00000000ec1fd4e0,0x00000000ec200000)
  to   space 512K, 0% used [0x00000000ec200000,0x00000000ec200000,0x00000000ec280000)
 ParOldGen       total 535040K, used 534625K [0x00000000c0000000, 0x00000000e0a80000, 0x00000000eab00000)
  object space 535040K, 99% used [0x00000000c0000000,0x00000000e0a187a0,0x00000000e0a80000)
 Metaspace       used 83158K, committed 85120K, reserved 1179648K
  class space    used 8279K, committed 9152K, reserved 1048576K
}
Event: 2355.089 GC heap after
{Heap after GC invocations=1437 (full 4):
 PSYoungGen      total 11776K, used 505K [0x00000000eab00000, 0x00000000ed780000, 0x0000000100000000)
  eden space 11264K, 0% used [0x00000000eab00000,0x00000000eab00000,0x00000000eb600000)
  from space 512K, 98% used [0x00000000ec200000,0x00000000ec27e410,0x00000000ec280000)
  to   space 12288K, 0% used [0x00000000eb600000,0x00000000eb600000,0x00000000ec200000)
 ParOldGen       total 544768K, used 544498K [0x00000000c0000000, 0x00000000e1400000, 0x00000000eab00000)
  object space 544768K, 99% used [0x00000000c0000000,0x00000000e13bc8d8,0x00000000e1400000)
 Metaspace       used 83158K, committed 85120K, reserved 1179648K
  class space    used 8279K, committed 9152K, reserved 1048576K
}
Event: 2355.240 GC heap before
{Heap before GC invocations=1438 (full 4):
 PSYoungGen      total 11776K, used 11769K [0x00000000eab00000, 0x00000000ed780000, 0x0000000100000000)
  eden space 11264K, 99% used [0x00000000eab00000,0x00000000eb5ffff8,0x00000000eb600000)
  from space 512K, 98% used [0x00000000ec200000,0x00000000ec27e410,0x00000000ec280000)
  to   space 12288K, 0% used [0x00000000eb600000,0x00000000eb600000,0x00000000ec200000)
 ParOldGen       total 544768K, used 544498K [0x00000000c0000000, 0x00000000e1400000, 0x00000000eab00000)
  object space 544768K, 99% used [0x00000000c0000000,0x00000000e13bc8d8,0x00000000e1400000)
 Metaspace       used 83158K, committed 85120K, reserved 1179648K
  class space    used 8279K, committed 9152K, reserved 1048576K
}
Event: 2355.292 GC heap after
{Heap after GC invocations=1438 (full 4):
 PSYoungGen      total 22016K, used 10751K [0x00000000eab00000, 0x00000000ecc00000, 0x0000000100000000)
  eden space 11264K, 0% used [0x00000000eab00000,0x00000000eab00000,0x00000000eb600000)
  from space 10752K, 99% used [0x00000000eb600000,0x00000000ec07fc00,0x00000000ec080000)
  to   space 11264K, 0% used [0x00000000ec100000,0x00000000ec100000,0x00000000ecc00000)
 ParOldGen       total 544768K, used 544522K [0x00000000c0000000, 0x00000000e1400000, 0x00000000eab00000)
  object space 544768K, 99% used [0x00000000c0000000,0x00000000e13c28d8,0x00000000e1400000)
 Metaspace       used 83158K, committed 85120K, reserved 1179648K
  class space    used 8279K, committed 9152K, reserved 1048576K
}
Event: 2355.557 GC heap before
{Heap before GC invocations=1439 (full 4):
 PSYoungGen      total 22016K, used 22015K [0x00000000eab00000, 0x00000000ecc00000, 0x0000000100000000)
  eden space 11264K, 100% used [0x00000000eab00000,0x00000000eb600000,0x00000000eb600000)
  from space 10752K, 99% used [0x00000000eb600000,0x00000000ec07fc00,0x00000000ec080000)
  to   space 11264K, 0% used [0x00000000ec100000,0x00000000ec100000,0x00000000ecc00000)
 ParOldGen       total 544768K, used 544522K [0x00000000c0000000, 0x00000000e1400000, 0x00000000eab00000)
  object space 544768K, 99% used [0x00000000c0000000,0x00000000e13c28d8,0x00000000e1400000)
 Metaspace       used 83161K, committed 85120K, reserved 1179648K
  class space    used 8279K, committed 9152K, reserved 1048576K
}
Event: 2355.573 GC heap after
{Heap after GC invocations=1439 (full 4):
 PSYoungGen      total 18432K, used 11232K [0x00000000eab00000, 0x00000000ed400000, 0x0000000100000000)
  eden space 7168K, 0% used [0x00000000eab00000,0x00000000eab00000,0x00000000eb200000)
  from space 11264K, 99% used [0x00000000ec100000,0x00000000ecbf8090,0x00000000ecc00000)
  to   space 15360K, 0% used [0x00000000eb200000,0x00000000eb200000,0x00000000ec100000)
 ParOldGen       total 547840K, used 547778K [0x00000000c0000000, 0x00000000e1700000, 0x00000000eab00000)
  object space 547840K, 99% used [0x00000000c0000000,0x00000000e16f08d8,0x00000000e1700000)
 Metaspace       used 83161K, committed 85120K, reserved 1179648K
  class space    used 8279K, committed 9152K, reserved 1048576K
}
Event: 2355.614 GC heap before
{Heap before GC invocations=1440 (full 4):
 PSYoungGen      total 18432K, used 18396K [0x00000000eab00000, 0x00000000ed400000, 0x0000000100000000)
  eden space 7168K, 99% used [0x00000000eab00000,0x00000000eb1ff158,0x00000000eb200000)
  from space 11264K, 99% used [0x00000000ec100000,0x00000000ecbf8090,0x00000000ecc00000)
  to   space 15360K, 0% used [0x00000000eb200000,0x00000000eb200000,0x00000000ec100000)
 ParOldGen       total 547840K, used 547778K [0x00000000c0000000, 0x00000000e1700000, 0x00000000eab00000)
  object space 547840K, 99% used [0x00000000c0000000,0x00000000e16f08d8,0x00000000e1700000)
 Metaspace       used 83161K, committed 85120K, reserved 1179648K
  class space    used 8279K, committed 9152K, reserved 1048576K
}
Event: 2355.685 GC heap after
{Heap after GC invocations=1440 (full 4):
 PSYoungGen      total 22528K, used 15334K [0x00000000eab00000, 0x00000000ed800000, 0x0000000100000000)
  eden space 7168K, 0% used [0x00000000eab00000,0x00000000eab00000,0x00000000eb200000)
  from space 15360K, 99% used [0x00000000eb200000,0x00000000ec0f9ba0,0x00000000ec100000)
  to   space 18944K, 0% used [0x00000000ec580000,0x00000000ec580000,0x00000000ed800000)
 ParOldGen       total 550912K, used 550418K [0x00000000c0000000, 0x00000000e1a00000, 0x00000000eab00000)
  object space 550912K, 99% used [0x00000000c0000000,0x00000000e19848d8,0x00000000e1a00000)
 Metaspace       used 83161K, committed 85120K, reserved 1179648K
  class space    used 8279K, committed 9152K, reserved 1048576K
}
Event: 2355.972 GC heap before
{Heap before GC invocations=1441 (full 4):
 PSYoungGen      total 22528K, used 22502K [0x00000000eab00000, 0x00000000ed800000, 0x0000000100000000)
  eden space 7168K, 100% used [0x00000000eab00000,0x00000000eb200000,0x00000000eb200000)
  from space 15360K, 99% used [0x00000000eb200000,0x00000000ec0f9ba0,0x00000000ec100000)
  to   space 18944K, 0% used [0x00000000ec580000,0x00000000ec580000,0x00000000ed800000)
 ParOldGen       total 550912K, used 550418K [0x00000000c0000000, 0x00000000e1a00000, 0x00000000eab00000)
  object space 550912K, 99% used [0x00000000c0000000,0x00000000e19848d8,0x00000000e1a00000)
 Metaspace       used 83161K, committed 85120K, reserved 1179648K
  class space    used 8279K, committed 9152K, reserved 1048576K
}
Event: 2355.991 GC heap after
{Heap after GC invocations=1441 (full 4):
 PSYoungGen      total 24576K, used 18912K [0x00000000eab00000, 0x00000000edd00000, 0x0000000100000000)
  eden space 5632K, 0% used [0x00000000eab00000,0x00000000eab00000,0x00000000eb080000)
  from space 18944K, 99% used [0x00000000ec580000,0x00000000ed7f8338,0x00000000ed800000)
  to   space 21504K, 0% used [0x00000000eb080000,0x00000000eb080000,0x00000000ec580000)
 ParOldGen       total 552448K, used 552170K [0x00000000c0000000, 0x00000000e1b80000, 0x00000000eab00000)
  object space 552448K, 99% used [0x00000000c0000000,0x00000000e1b3a8d8,0x00000000e1b80000)
 Metaspace       used 83161K, committed 85120K, reserved 1179648K
  class space    used 8279K, committed 9152K, reserved 1048576K
}
Event: 2356.302 GC heap before
{Heap before GC invocations=1442 (full 4):
 PSYoungGen      total 24576K, used 24544K [0x00000000eab00000, 0x00000000edd00000, 0x0000000100000000)
  eden space 5632K, 100% used [0x00000000eab00000,0x00000000eb080000,0x00000000eb080000)
  from space 18944K, 99% used [0x00000000ec580000,0x00000000ed7f8338,0x00000000ed800000)
  to   space 21504K, 0% used [0x00000000eb080000,0x00000000eb080000,0x00000000ec580000)
 ParOldGen       total 552448K, used 552170K [0x00000000c0000000, 0x00000000e1b80000, 0x00000000eab00000)
  object space 552448K, 99% used [0x00000000c0000000,0x00000000e1b3a8d8,0x00000000e1b80000)
 Metaspace       used 83207K, committed 85184K, reserved 1179648K
  class space    used 8282K, committed 9152K, reserved 1048576K
}
Event: 2356.314 GC heap after
{Heap after GC invocations=1442 (full 4):
 PSYoungGen      total 25088K, used 19355K [0x00000000eab00000, 0x00000000ed880000, 0x0000000100000000)
  eden space 5632K, 0% used [0x00000000eab00000,0x00000000eab00000,0x00000000eb080000)
  from space 19456K, 99% used [0x00000000eb080000,0x00000000ec366cb0,0x00000000ec380000)
  to   space 19968K, 0% used [0x00000000ec500000,0x00000000ec500000,0x00000000ed880000)
 ParOldGen       total 552448K, used 552178K [0x00000000c0000000, 0x00000000e1b80000, 0x00000000eab00000)
  object space 552448K, 99% used [0x00000000c0000000,0x00000000e1b3c8d8,0x00000000e1b80000)
 Metaspace       used 83207K, committed 85184K, reserved 1179648K
  class space    used 8282K, committed 9152K, reserved 1048576K
}
Event: 2356.781 GC heap before
{Heap before GC invocations=1443 (full 4):
 PSYoungGen      total 25088K, used 24987K [0x00000000eab00000, 0x00000000ed880000, 0x0000000100000000)
  eden space 5632K, 100% used [0x00000000eab00000,0x00000000eb080000,0x00000000eb080000)
  from space 19456K, 99% used [0x00000000eb080000,0x00000000ec366cb0,0x00000000ec380000)
  to   space 19968K, 0% used [0x00000000ec500000,0x00000000ec500000,0x00000000ed880000)
 ParOldGen       total 552448K, used 552178K [0x00000000c0000000, 0x00000000e1b80000, 0x00000000eab00000)
  object space 552448K, 99% used [0x00000000c0000000,0x00000000e1b3c8d8,0x00000000e1b80000)
 Metaspace       used 83259K, committed 85248K, reserved 1179648K
  class space    used 8287K, committed 9152K, reserved 1048576K
}
Event: 2356.800 GC heap after
{Heap after GC invocations=1443 (full 4):
 PSYoungGen      total 25600K, used 19948K [0x00000000eab00000, 0x00000000ed880000, 0x0000000100000000)
  eden space 5632K, 0% used [0x00000000eab00000,0x00000000eab00000,0x00000000eb080000)
  from space 19968K, 99% used [0x00000000ec500000,0x00000000ed87b208,0x00000000ed880000)
  to   space 20480K, 0% used [0x00000000eb080000,0x00000000eb080000,0x00000000ec480000)
 ParOldGen       total 552448K, used 552274K [0x00000000c0000000, 0x00000000e1b80000, 0x00000000eab00000)
  object space 552448K, 99% used [0x00000000c0000000,0x00000000e1b548d8,0x00000000e1b80000)
 Metaspace       used 83259K, committed 85248K, reserved 1179648K
  class space    used 8287K, committed 9152K, reserved 1048576K
}

