# JRE version: OpenJDK Runtime Environment Temurin-21.0.8+9 (21.0.8+9) (build 21.0.8+9-LTS)
# Java VM: OpenJDK 64-Bit Server VM Temurin-21.0.8+9 (21.0.8+9-LTS, mixed mode, sharing, tiered, compressed oops, compressed class ptrs, parallel gc, windows-amd64)
GC Precious Log:
 CardTable entry size: 512
 CPUs: 8 total, 8 available
 Memory: 7936M
 Large Page Support: Disabled
 NUMA Support: Disabled
 Compressed Oops: Enabled (32-bit)
 Alignments: Space 512K, Generation 512K, Heap 2M
 Heap Min Capacity: 100M
 Heap Initial Capacity: 100M
 Heap Max Capacity: 2G
 Pre-touch: Disabled
 Parallel Workers: 8
Heap:
 PSYoungGen      total 7680K, used 2068K [0x00000000d5580000, 0x00000000d6780000, 0x0000000100000000)
  eden space 6144K, 24% used [0x00000000d5580000,0x00000000d56fb640,0x00000000d5b80000)
  from space 1536K, 35% used [0x00000000d6500000,0x00000000d6589cf8,0x00000000d6680000)
  to   space 1024K, 0% used [0x00000000d6680000,0x00000000d6680000,0x00000000d6780000)
 ParOldGen       total 924672K, used 924441K [0x0000000080000000, 0x00000000b8700000, 0x00000000d5580000)
  object space 924672K, 99% used [0x0000000080000000,0x00000000b86c6660,0x00000000b8700000)
 Metaspace       used 100366K, committed 102144K, reserved 1179648K
  class space    used 9770K, committed 10624K, reserved 1048576K
GC Heap History (20 events):
Event: 25152.261 GC heap before
{Heap before GC invocations=3591 (full 8):
 PSYoungGen      total 22528K, used 22527K [0x00000000d5580000, 0x00000000d6e80000, 0x0000000100000000)
  eden space 21504K, 99% used [0x00000000d5580000,0x00000000d6a7fda0,0x00000000d6a80000)
  from space 1024K, 100% used [0x00000000d6a80000,0x00000000d6b80000,0x00000000d6b80000)
  to   space 2048K, 0% used [0x00000000d6c80000,0x00000000d6c80000,0x00000000d6e80000)
 ParOldGen       total 898560K, used 898089K [0x0000000080000000, 0x00000000b6d80000, 0x00000000d5580000)
  object space 898560K, 99% used [0x0000000080000000,0x00000000b6d0a538,0x00000000b6d80000)
 Metaspace       used 100363K, committed 102144K, reserved 1179648K
  class space    used 9770K, committed 10624K, reserved 1048576K
}
Event: 25152.550 GC heap after
{Heap after GC invocations=3591 (full 8):
 PSYoungGen      total 23552K, used 1665K [0x00000000d5580000, 0x00000000d6e80000, 0x0000000100000000)
  eden space 21504K, 0% used [0x00000000d5580000,0x00000000d5580000,0x00000000d6a80000)
  from space 2048K, 81% used [0x00000000d6c80000,0x00000000d6e20570,0x00000000d6e80000)
  to   space 2048K, 0% used [0x00000000d6a80000,0x00000000d6a80000,0x00000000d6c80000)
 ParOldGen       total 899072K, used 898777K [0x0000000080000000, 0x00000000b6e00000, 0x00000000d5580000)
  object space 899072K, 99% used [0x0000000080000000,0x00000000b6db6538,0x00000000b6e00000)
 Metaspace       used 100363K, committed 102144K, reserved 1179648K
  class space    used 9770K, committed 10624K, reserved 1048576K
}
Event: 25162.709 GC heap before
{Heap before GC invocations=3592 (full 8):
 PSYoungGen      total 23552K, used 23169K [0x00000000d5580000, 0x00000000d6e80000, 0x0000000100000000)
  eden space 21504K, 100% used [0x00000000d5580000,0x00000000d6a80000,0x00000000d6a80000)
  from space 2048K, 81% used [0x00000000d6c80000,0x00000000d6e20570,0x00000000d6e80000)
  to   space 2048K, 0% used [0x00000000d6a80000,0x00000000d6a80000,0x00000000d6c80000)
 ParOldGen       total 899072K, used 898777K [0x0000000080000000, 0x00000000b6e00000, 0x00000000d5580000)
  object space 899072K, 99% used [0x0000000080000000,0x00000000b6db6538,0x00000000b6e00000)
 Metaspace       used 100363K, committed 102144K, reserved 1179648K
  class space    used 9770K, committed 10624K, reserved 1048576K
}
Event: 25162.733 GC heap after
{Heap after GC invocations=3592 (full 8):
 PSYoungGen      total 23552K, used 1764K [0x00000000d5580000, 0x00000000d6e80000, 0x0000000100000000)
  eden space 21504K, 0% used [0x00000000d5580000,0x00000000d5580000,0x00000000d6a80000)
  from space 2048K, 86% used [0x00000000d6a80000,0x00000000d6c39210,0x00000000d6c80000)
  to   space 2048K, 0% used [0x00000000d6c80000,0x00000000d6c80000,0x00000000d6e80000)
 ParOldGen       total 900608K, used 900340K [0x0000000080000000, 0x00000000b6f80000, 0x00000000d5580000)
  object space 900608K, 99% used [0x0000000080000000,0x00000000b6f3d118,0x00000000b6f80000)
 Metaspace       used 100363K, committed 102144K, reserved 1179648K
  class space    used 9770K, committed 10624K, reserved 1048576K
}
Event: 25163.356 GC heap before
{Heap before GC invocations=3593 (full 8):
 PSYoungGen      total 23552K, used 23268K [0x00000000d5580000, 0x00000000d6e80000, 0x0000000100000000)
  eden space 21504K, 100% used [0x00000000d5580000,0x00000000d6a80000,0x00000000d6a80000)
  from space 2048K, 86% used [0x00000000d6a80000,0x00000000d6c39210,0x00000000d6c80000)
  to   space 2048K, 0% used [0x00000000d6c80000,0x00000000d6c80000,0x00000000d6e80000)
 ParOldGen       total 900608K, used 900340K [0x0000000080000000, 0x00000000b6f80000, 0x00000000d5580000)
  object space 900608K, 99% used [0x0000000080000000,0x00000000b6f3d118,0x00000000b6f80000)
 Metaspace       used 100364K, committed 102144K, reserved 1179648K
  class space    used 9770K, committed 10624K, reserved 1048576K
}
Event: 25163.374 GC heap after
{Heap after GC invocations=3593 (full 8):
 PSYoungGen      total 22528K, used 2025K [0x00000000d5580000, 0x00000000d7080000, 0x0000000100000000)
  eden space 20480K, 0% used [0x00000000d5580000,0x00000000d5580000,0x00000000d6980000)
  from space 2048K, 98% used [0x00000000d6c80000,0x00000000d6e7a400,0x00000000d6e80000)
  to   space 3072K, 0% used [0x00000000d6980000,0x00000000d6980000,0x00000000d6c80000)
 ParOldGen       total 901120K, used 900796K [0x0000000080000000, 0x00000000b7000000, 0x00000000d5580000)
  object space 901120K, 99% used [0x0000000080000000,0x00000000b6faf3e0,0x00000000b7000000)
 Metaspace       used 100364K, committed 102144K, reserved 1179648K
  class space    used 9770K, committed 10624K, reserved 1048576K
}
Event: 25163.873 GC heap before
{Heap before GC invocations=3594 (full 8):
 PSYoungGen      total 22528K, used 22504K [0x00000000d5580000, 0x00000000d7080000, 0x0000000100000000)
  eden space 20480K, 99% used [0x00000000d5580000,0x00000000d697ffe0,0x00000000d6980000)
  from space 2048K, 98% used [0x00000000d6c80000,0x00000000d6e7a400,0x00000000d6e80000)
  to   space 3072K, 0% used [0x00000000d6980000,0x00000000d6980000,0x00000000d6c80000)
 ParOldGen       total 901120K, used 900796K [0x0000000080000000, 0x00000000b7000000, 0x00000000d5580000)
  object space 901120K, 99% used [0x0000000080000000,0x00000000b6faf3e0,0x00000000b7000000)
 Metaspace       used 100364K, committed 102144K, reserved 1179648K
  class space    used 9770K, committed 10624K, reserved 1048576K
}
Event: 25163.891 GC heap after
{Heap after GC invocations=3594 (full 8):
 PSYoungGen      total 23552K, used 3066K [0x00000000d5580000, 0x00000000d7580000, 0x0000000100000000)
  eden space 20480K, 0% used [0x00000000d5580000,0x00000000d5580000,0x00000000d6980000)
  from space 3072K, 99% used [0x00000000d6980000,0x00000000d6c7eb10,0x00000000d6c80000)
  to   space 6144K, 0% used [0x00000000d6f80000,0x00000000d6f80000,0x00000000d7580000)
 ParOldGen       total 903168K, used 902977K [0x0000000080000000, 0x00000000b7200000, 0x00000000d5580000)
  object space 903168K, 99% used [0x0000000080000000,0x00000000b71d07b0,0x00000000b7200000)
 Metaspace       used 100364K, committed 102144K, reserved 1179648K
  class space    used 9770K, committed 10624K, reserved 1048576K
}
Event: 25164.147 GC heap before
{Heap before GC invocations=3595 (full 8):
 PSYoungGen      total 23552K, used 23546K [0x00000000d5580000, 0x00000000d7580000, 0x0000000100000000)
  eden space 20480K, 100% used [0x00000000d5580000,0x00000000d6980000,0x00000000d6980000)
  from space 3072K, 99% used [0x00000000d6980000,0x00000000d6c7eb10,0x00000000d6c80000)
  to   space 6144K, 0% used [0x00000000d6f80000,0x00000000d6f80000,0x00000000d7580000)
 ParOldGen       total 903168K, used 902977K [0x0000000080000000, 0x00000000b7200000, 0x00000000d5580000)
  object space 903168K, 99% used [0x0000000080000000,0x00000000b71d07b0,0x00000000b7200000)
 Metaspace       used 100364K, committed 102144K, reserved 1179648K
  class space    used 9770K, committed 10624K, reserved 1048576K
}
Event: 25164.177 GC heap after
{Heap after GC invocations=3595 (full 8):
 PSYoungGen      total 12288K, used 6129K [0x00000000d5580000, 0x00000000d9180000, 0x0000000100000000)
  eden space 6144K, 0% used [0x00000000d5580000,0x00000000d5580000,0x00000000d5b80000)
  from space 6144K, 99% used [0x00000000d6f80000,0x00000000d757c480,0x00000000d7580000)
  to   space 20480K, 0% used [0x00000000d5b80000,0x00000000d5b80000,0x00000000d6f80000)
 ParOldGen       total 914944K, used 914589K [0x0000000080000000, 0x00000000b7d80000, 0x00000000d5580000)
  object space 914944K, 99% used [0x0000000080000000,0x00000000b7d27448,0x00000000b7d80000)
 Metaspace       used 100364K, committed 102144K, reserved 1179648K
  class space    used 9770K, committed 10624K, reserved 1048576K
}
Event: 25164.237 GC heap before
{Heap before GC invocations=3596 (full 8):
 PSYoungGen      total 12288K, used 12273K [0x00000000d5580000, 0x00000000d9180000, 0x0000000100000000)
  eden space 6144K, 100% used [0x00000000d5580000,0x00000000d5b80000,0x00000000d5b80000)
  from space 6144K, 99% used [0x00000000d6f80000,0x00000000d757c480,0x00000000d7580000)
  to   space 20480K, 0% used [0x00000000d5b80000,0x00000000d5b80000,0x00000000d6f80000)
 ParOldGen       total 914944K, used 914589K [0x0000000080000000, 0x00000000b7d80000, 0x00000000d5580000)
  object space 914944K, 99% used [0x0000000080000000,0x00000000b7d27448,0x00000000b7d80000)
 Metaspace       used 100364K, committed 102144K, reserved 1179648K
  class space    used 9770K, committed 10624K, reserved 1048576K
}
Event: 25164.250 GC heap after
{Heap after GC invocations=3596 (full 8):
 PSYoungGen      total 9728K, used 3376K [0x00000000d5580000, 0x00000000d7000000, 0x0000000100000000)
  eden space 6144K, 0% used [0x00000000d5580000,0x00000000d5580000,0x00000000d5b80000)
  from space 3584K, 94% used [0x00000000d5b80000,0x00000000d5ecc2d8,0x00000000d5f00000)
  to   space 8704K, 0% used [0x00000000d6780000,0x00000000d6780000,0x00000000d7000000)
 ParOldGen       total 920064K, used 919570K [0x0000000080000000, 0x00000000b8280000, 0x00000000d5580000)
  object space 920064K, 99% used [0x0000000080000000,0x00000000b8204918,0x00000000b8280000)
 Metaspace       used 100364K, committed 102144K, reserved 1179648K
  class space    used 9770K, committed 10624K, reserved 1048576K
}
Event: 25164.279 GC heap before
{Heap before GC invocations=3597 (full 8):
 PSYoungGen      total 9728K, used 8598K [0x00000000d5580000, 0x00000000d7000000, 0x0000000100000000)
  eden space 6144K, 84% used [0x00000000d5580000,0x00000000d5a996f0,0x00000000d5b80000)
  from space 3584K, 94% used [0x00000000d5b80000,0x00000000d5ecc2d8,0x00000000d5f00000)
  to   space 8704K, 0% used [0x00000000d6780000,0x00000000d6780000,0x00000000d7000000)
 ParOldGen       total 920064K, used 919570K [0x0000000080000000, 0x00000000b8280000, 0x00000000d5580000)
  object space 920064K, 99% used [0x0000000080000000,0x00000000b8204918,0x00000000b8280000)
 Metaspace       used 100364K, committed 102144K, reserved 1179648K
  class space    used 9770K, committed 10624K, reserved 1048576K
}
Event: 25164.287 GC heap after
{Heap after GC invocations=3597 (full 8):
 PSYoungGen      total 7168K, used 616K [0x00000000d5580000, 0x00000000d6880000, 0x0000000100000000)
  eden space 6144K, 0% used [0x00000000d5580000,0x00000000d5580000,0x00000000d5b80000)
  from space 1024K, 60% used [0x00000000d6780000,0x00000000d681a3e8,0x00000000d6880000)
  to   space 2560K, 0% used [0x00000000d6380000,0x00000000d6380000,0x00000000d6600000)
 ParOldGen       total 923136K, used 922810K [0x0000000080000000, 0x00000000b8580000, 0x00000000d5580000)
  object space 923136K, 99% used [0x0000000080000000,0x00000000b852eb38,0x00000000b8580000)
 Metaspace       used 100364K, committed 102144K, reserved 1179648K
  class space    used 9770K, committed 10624K, reserved 1048576K
}
Event: 25164.314 GC heap before
{Heap before GC invocations=3598 (full 8):
 PSYoungGen      total 7168K, used 6760K [0x00000000d5580000, 0x00000000d6880000, 0x0000000100000000)
  eden space 6144K, 100% used [0x00000000d5580000,0x00000000d5b80000,0x00000000d5b80000)
  from space 1024K, 60% used [0x00000000d6780000,0x00000000d681a3e8,0x00000000d6880000)
  to   space 2560K, 0% used [0x00000000d6380000,0x00000000d6380000,0x00000000d6600000)
 ParOldGen       total 923136K, used 922810K [0x0000000080000000, 0x00000000b8580000, 0x00000000d5580000)
  object space 923136K, 99% used [0x0000000080000000,0x00000000b852eb38,0x00000000b8580000)
 Metaspace       used 100364K, committed 102144K, reserved 1179648K
  class space    used 9770K, committed 10624K, reserved 1048576K
}
Event: 25164.320 GC heap after
{Heap after GC invocations=3598 (full 8):
 PSYoungGen      total 8704K, used 635K [0x00000000d5580000, 0x00000000d6800000, 0x0000000100000000)
  eden space 6144K, 0% used [0x00000000d5580000,0x00000000d5580000,0x00000000d5b80000)
  from space 2560K, 24% used [0x00000000d6380000,0x00000000d641efd0,0x00000000d6600000)
  to   space 1024K, 0% used [0x00000000d6700000,0x00000000d6700000,0x00000000d6800000)
 ParOldGen       total 923648K, used 923299K [0x0000000080000000, 0x00000000b8600000, 0x00000000d5580000)
  object space 923648K, 99% used [0x0000000080000000,0x00000000b85a8f20,0x00000000b8600000)
 Metaspace       used 100364K, committed 102144K, reserved 1179648K
  class space    used 9770K, committed 10624K, reserved 1048576K
}
Event: 25164.437 GC heap before
{Heap before GC invocations=3599 (full 8):
 PSYoungGen      total 8704K, used 6779K [0x00000000d5580000, 0x00000000d6800000, 0x0000000100000000)
  eden space 6144K, 100% used [0x00000000d5580000,0x00000000d5b80000,0x00000000d5b80000)
  from space 2560K, 24% used [0x00000000d6380000,0x00000000d641efd0,0x00000000d6600000)
  to   space 1024K, 0% used [0x00000000d6700000,0x00000000d6700000,0x00000000d6800000)
 ParOldGen       total 923648K, used 923299K [0x0000000080000000, 0x00000000b8600000, 0x00000000d5580000)
  object space 923648K, 99% used [0x0000000080000000,0x00000000b85a8f20,0x00000000b8600000)
 Metaspace       used 100364K, committed 102144K, reserved 1179648K
  class space    used 9770K, committed 10624K, reserved 1048576K
}
Event: 25164.450 GC heap after
{Heap after GC invocations=3599 (full 8):
 PSYoungGen      total 7168K, used 1024K [0x00000000d5580000, 0x00000000d6800000, 0x0000000100000000)
  eden space 6144K, 0% used [0x00000000d5580000,0x00000000d5580000,0x00000000d5b80000)
  from space 1024K, 100% used [0x00000000d6700000,0x00000000d6800000,0x00000000d6800000)
  to   space 1536K, 0% used [0x00000000d6500000,0x00000000d6500000,0x00000000d6680000)
 ParOldGen       total 924160K, used 923655K [0x0000000080000000, 0x00000000b8680000, 0x00000000d5580000)
  object space 924160K, 99% used [0x0000000080000000,0x00000000b8601f10,0x00000000b8680000)
 Metaspace       used 100364K, committed 102144K, reserved 1179648K
  class space    used 9770K, committed 10624K, reserved 1048576K
}
Event: 25322.934 GC heap before
{Heap before GC invocations=3600 (full 8):
 PSYoungGen      total 7168K, used 7168K [0x00000000d5580000, 0x00000000d6800000, 0x0000000100000000)
  eden space 6144K, 100% used [0x00000000d5580000,0x00000000d5b80000,0x00000000d5b80000)
  from space 1024K, 100% used [0x00000000d6700000,0x00000000d6800000,0x00000000d6800000)
  to   space 1536K, 0% used [0x00000000d6500000,0x00000000d6500000,0x00000000d6680000)
 ParOldGen       total 924160K, used 923655K [0x0000000080000000, 0x00000000b8680000, 0x00000000d5580000)
  object space 924160K, 99% used [0x0000000080000000,0x00000000b8601f10,0x00000000b8680000)
 Metaspace       used 100364K, committed 102144K, reserved 1179648K
  class space    used 9770K, committed 10624K, reserved 1048576K
}
Event: 25323.241 GC heap after
{Heap after GC invocations=3600 (full 8):
 PSYoungGen      total 7680K, used 551K [0x00000000d5580000, 0x00000000d6780000, 0x0000000100000000)
  eden space 6144K, 0% used [0x00000000d5580000,0x00000000d5580000,0x00000000d5b80000)
  from space 1536K, 35% used [0x00000000d6500000,0x00000000d6589cf8,0x00000000d6680000)
  to   space 1024K, 0% used [0x00000000d6680000,0x00000000d6680000,0x00000000d6780000)
 ParOldGen       total 924672K, used 924441K [0x0000000080000000, 0x00000000b8700000, 0x00000000d5580000)
  object space 924672K, 99% used [0x0000000080000000,0x00000000b86c6660,0x00000000b8700000)
 Metaspace       used 100364K, committed 102144K, reserved 1179648K
  class space    used 9770K, committed 10624K, reserved 1048576K
}

