# JRE version: OpenJDK Runtime Environment (21.0.2+13) (build 21.0.2+13-58)
# Java VM: OpenJDK 64-Bit Server VM (21.0.2+13-58, mixed mode, emulated-client, sharing, tiered, compressed oops, compressed class ptrs, g1 gc, windows-amd64)
GC Precious Log:
 CardTable entry size: 512
 Card Set container configuration: InlinePtr #cards 5 size 8 Array Of Cards #cards 12 size 40 Howl #buckets 4 coarsen threshold 1843 Howl Bitmap #cards 512 size 80 coarsen threshold 460 Card regions per heap region 1 cards per card region 2048
 CPUs: 8 total, 8 available
 Memory: 7936M
 Large Page Support: Disabled
 NUMA Support: Disabled
 Compressed Oops: Enabled (32-bit)
 Heap Region Size: 1M
 Heap Min Capacity: 8M
 Heap Initial Capacity: 126M
 Heap Max Capacity: 1986M
 Pre-touch: Disabled
 Parallel Workers: 8
 Concurrent Workers: 2
 Concurrent Refinement Workers: 8
 Periodic GC: Disabled
Heap:
 garbage-first heap   total 208896K, used 64289K [0x0000000083e00000, 0x0000000100000000)
  region size 1024K, 1 young (1024K), 1 survivors (1024K)
 Metaspace       used 106013K, committed 107008K, reserved 1179648K
  class space    used 15179K, committed 15616K, reserved 1048576K
GC Heap History (20 events):
Event: 1122.423 GC heap after
{Heap after GC invocations=88 (full 2):
 garbage-first heap   total 194560K, used 55921K [0x0000000083e00000, 0x0000000100000000)
  region size 1024K, 1 young (1024K), 1 survivors (1024K)
 Metaspace       used 105315K, committed 106176K, reserved 1179648K
  class space    used 15081K, committed 15488K, reserved 1048576K
}
Event: 1134.085 GC heap before
{Heap before GC invocations=88 (full 2):
 garbage-first heap   total 194560K, used 77425K [0x0000000083e00000, 0x0000000100000000)
  region size 1024K, 23 young (23552K), 1 survivors (1024K)
 Metaspace       used 105466K, committed 106368K, reserved 1179648K
  class space    used 15095K, committed 15552K, reserved 1048576K
}
Event: 1134.133 GC heap after
{Heap after GC invocations=89 (full 2):
 garbage-first heap   total 194560K, used 57189K [0x0000000083e00000, 0x0000000100000000)
  region size 1024K, 2 young (2048K), 2 survivors (2048K)
 Metaspace       used 105466K, committed 106368K, reserved 1179648K
  class space    used 15095K, committed 15552K, reserved 1048576K
}
Event: 1135.216 GC heap before
{Heap before GC invocations=90 (full 2):
 garbage-first heap   total 194560K, used 64357K [0x0000000083e00000, 0x0000000100000000)
  region size 1024K, 9 young (9216K), 2 survivors (2048K)
 Metaspace       used 105513K, committed 106432K, reserved 1179648K
  class space    used 15097K, committed 15552K, reserved 1048576K
}
Event: 1135.361 GC heap after
{Heap after GC invocations=91 (full 2):
 garbage-first heap   total 194560K, used 57897K [0x0000000083e00000, 0x0000000100000000)
  region size 1024K, 1 young (1024K), 1 survivors (1024K)
 Metaspace       used 105513K, committed 106432K, reserved 1179648K
  class space    used 15097K, committed 15552K, reserved 1048576K
}
Event: 1136.311 GC heap before
{Heap before GC invocations=91 (full 2):
 garbage-first heap   total 194560K, used 66089K [0x0000000083e00000, 0x0000000100000000)
  region size 1024K, 9 young (9216K), 1 survivors (1024K)
 Metaspace       used 105571K, committed 106496K, reserved 1179648K
  class space    used 15101K, committed 15552K, reserved 1048576K
}
Event: 1136.389 GC heap after
{Heap after GC invocations=92 (full 2):
 garbage-first heap   total 194560K, used 58175K [0x0000000083e00000, 0x0000000100000000)
  region size 1024K, 2 young (2048K), 2 survivors (2048K)
 Metaspace       used 105571K, committed 106496K, reserved 1179648K
  class space    used 15101K, committed 15552K, reserved 1048576K
}
Event: 1137.717 GC heap before
{Heap before GC invocations=92 (full 2):
 garbage-first heap   total 194560K, used 74559K [0x0000000083e00000, 0x0000000100000000)
  region size 1024K, 18 young (18432K), 2 survivors (2048K)
 Metaspace       used 105741K, committed 106688K, reserved 1179648K
  class space    used 15114K, committed 15552K, reserved 1048576K
}
Event: 1137.734 GC heap after
{Heap after GC invocations=93 (full 2):
 garbage-first heap   total 583680K, used 58856K [0x0000000083e00000, 0x0000000100000000)
  region size 1024K, 3 young (3072K), 3 survivors (3072K)
 Metaspace       used 105741K, committed 106688K, reserved 1179648K
  class space    used 15114K, committed 15552K, reserved 1048576K
}
Event: 1138.113 GC heap before
{Heap before GC invocations=94 (full 2):
 garbage-first heap   total 208896K, used 66024K [0x0000000083e00000, 0x0000000100000000)
  region size 1024K, 10 young (10240K), 3 survivors (3072K)
 Metaspace       used 105741K, committed 106688K, reserved 1179648K
  class space    used 15114K, committed 15552K, reserved 1048576K
}
Event: 1138.123 GC heap after
{Heap after GC invocations=95 (full 2):
 garbage-first heap   total 208896K, used 59368K [0x0000000083e00000, 0x0000000100000000)
  region size 1024K, 2 young (2048K), 2 survivors (2048K)
 Metaspace       used 105741K, committed 106688K, reserved 1179648K
  class space    used 15114K, committed 15552K, reserved 1048576K
}
Event: 1138.412 GC heap before
{Heap before GC invocations=95 (full 2):
 garbage-first heap   total 208896K, used 67560K [0x0000000083e00000, 0x0000000100000000)
  region size 1024K, 10 young (10240K), 2 survivors (2048K)
 Metaspace       used 105789K, committed 106688K, reserved 1179648K
  class space    used 15122K, committed 15552K, reserved 1048576K
}
Event: 1138.422 GC heap after
{Heap after GC invocations=96 (full 2):
 garbage-first heap   total 208896K, used 59490K [0x0000000083e00000, 0x0000000100000000)
  region size 1024K, 2 young (2048K), 2 survivors (2048K)
 Metaspace       used 105789K, committed 106688K, reserved 1179648K
  class space    used 15122K, committed 15552K, reserved 1048576K
}
Event: 1138.529 GC heap before
{Heap before GC invocations=96 (full 2):
 garbage-first heap   total 208896K, used 67682K [0x0000000083e00000, 0x0000000100000000)
  region size 1024K, 10 young (10240K), 2 survivors (2048K)
 Metaspace       used 105789K, committed 106688K, reserved 1179648K
  class space    used 15122K, committed 15552K, reserved 1048576K
}
Event: 1138.568 GC heap after
{Heap after GC invocations=97 (full 2):
 garbage-first heap   total 208896K, used 59467K [0x0000000083e00000, 0x0000000100000000)
  region size 1024K, 2 young (2048K), 2 survivors (2048K)
 Metaspace       used 105789K, committed 106688K, reserved 1179648K
  class space    used 15122K, committed 15552K, reserved 1048576K
}
Event: 1142.683 GC heap before
{Heap before GC invocations=97 (full 2):
 garbage-first heap   total 208896K, used 126027K [0x0000000083e00000, 0x0000000100000000)
  region size 1024K, 67 young (68608K), 2 survivors (2048K)
 Metaspace       used 105935K, committed 106880K, reserved 1179648K
  class space    used 15159K, committed 15552K, reserved 1048576K
}
Event: 1142.754 GC heap after
{Heap after GC invocations=98 (full 2):
 garbage-first heap   total 208896K, used 63261K [0x0000000083e00000, 0x0000000100000000)
  region size 1024K, 6 young (6144K), 6 survivors (6144K)
 Metaspace       used 105935K, committed 106880K, reserved 1179648K
  class space    used 15159K, committed 15552K, reserved 1048576K
}
Event: 1143.205 GC heap before
{Heap before GC invocations=99 (full 2):
 garbage-first heap   total 208896K, used 67357K [0x0000000083e00000, 0x0000000100000000)
  region size 1024K, 10 young (10240K), 6 survivors (6144K)
 Metaspace       used 105939K, committed 106880K, reserved 1179648K
  class space    used 15161K, committed 15552K, reserved 1048576K
}
Event: 1143.592 GC heap after
{Heap after GC invocations=100 (full 2):
 garbage-first heap   total 208896K, used 63889K [0x0000000083e00000, 0x0000000100000000)
  region size 1024K, 1 young (1024K), 1 survivors (1024K)
 Metaspace       used 105939K, committed 106880K, reserved 1179648K
  class space    used 15161K, committed 15552K, reserved 1048576K
}
Event: 1144.604 GC heap before
{Heap before GC invocations=100 (full 2):
 garbage-first heap   total 208896K, used 73105K [0x0000000083e00000, 0x0000000100000000)
  region size 1024K, 10 young (10240K), 1 survivors (1024K)
 Metaspace       used 106013K, committed 107008K, reserved 1179648K
  class space    used 15179K, committed 15616K, reserved 1048576K
}

